#! /usr/bin/vvp
:ivl_version "10.3 (stable)";
:ivl_delay_selection "TYPICAL";
:vpi_time_precision + 0;
:vpi_module "system";
:vpi_module "vhdl_sys";
:vpi_module "v2005_math";
:vpi_module "va_math";
S_0x56275b466130 .scope module, "gal8_mul_tb" "gal8_mul_tb" 2 1;
 .timescale 0 0;
v0x56275b477900_0 .var "clk", 0 0;
v0x56275b4a96e0_0 .var "cnt", 3 0;
E_0x56275b466a70 .event posedge, v0x56275b477900_0;
    .scope S_0x56275b466130;
T_0 ;
    %pushi/vec4 0, 0, 4;
    %store/vec4 v0x56275b4a96e0_0, 0, 4;
    %end;
    .thread T_0;
    .scope S_0x56275b466130;
T_1 ;
    %delay 5, 0;
    %load/vec4 v0x56275b477900_0;
    %inv;
    %assign/vec4 v0x56275b477900_0, 0;
    %jmp T_1;
    .thread T_1;
    .scope S_0x56275b466130;
T_2 ;
    %wait E_0x56275b466a70;
    %vpi_call 2 24 "$display", "hi" {0 0 0};
    %jmp T_2;
    .thread T_2;
    .scope S_0x56275b466130;
T_3 ;
    %wait E_0x56275b466a70;
    %vpi_call 2 28 "$display", "hello" {0 0 0};
    %jmp T_3;
    .thread T_3;
# The file index is used to find the file name in the following table.
:file_names 3;
    "N/A";
    "<interactive>";
    "gal8_mul_tb.v";
