#! /usr/bin/vvp
:ivl_version "10.3 (stable)";
:ivl_delay_selection "TYPICAL";
:vpi_time_precision + 0;
:vpi_module "system";
:vpi_module "vhdl_sys";
:vpi_module "v2005_math";
:vpi_module "va_math";
S_0x5627e6a6b090 .scope module, "gal8_mul_tb" "gal8_mul_tb" 2 1;
 .timescale 0 0;
v0x5627e6ad8af0_0 .var "a", 7 0;
v0x5627e6ad8bb0_0 .var "b", 7 0;
v0x5627e6ad8c50_0 .var "clk", 0 0;
v0x5627e6ad8cf0_0 .var "cnt", 3 0;
v0x5627e6ad8db0_0 .var "expected_res", 7 0;
v0x5627e6ad8e90_0 .net "res", 7 0, L_0x5627e6adf5f0;  1 drivers
v0x5627e6ad8f50 .array "t", 0 14, 7 0;
E_0x5627e6aa6550 .event negedge, v0x5627e6ad8c50_0;
E_0x5627e6aa6840 .event posedge, v0x5627e6ad8c50_0;
S_0x5627e6a6b210 .scope module, "mult" "gal8_mul" 2 20, 3 22 0, S_0x5627e6a6b090;
 .timescale 0 0;
    .port_info 0 /INPUT 8 "a"
    .port_info 1 /INPUT 8 "b"
    .port_info 2 /OUTPUT 8 "p"
L_0x7fbd7a7ce060 .functor BUFT 1, C4<10011011>, C4<0>, C4<0>, C4<0>;
L_0x5627e6ad9480 .functor AND 8, L_0x7fbd7a7ce060, L_0x5627e6ad92e0, C4<11111111>, C4<11111111>;
L_0x5627e6ad9540 .functor XOR 8, L_0x5627e6ad90e0, L_0x5627e6ad9480, C4<00000000>, C4<00000000>;
L_0x7fbd7a7ce0f0 .functor BUFT 1, C4<10011011>, C4<0>, C4<0>, C4<0>;
L_0x5627e6ad9b10 .functor AND 8, L_0x7fbd7a7ce0f0, L_0x5627e6ad98f0, C4<11111111>, C4<11111111>;
L_0x5627e6ad9bd0 .functor XOR 8, L_0x5627e6ad96f0, L_0x5627e6ad9b10, C4<00000000>, C4<00000000>;
L_0x7fbd7a7ce180 .functor BUFT 1, C4<10011011>, C4<0>, C4<0>, C4<0>;
L_0x5627e6ada2b0 .functor AND 8, L_0x7fbd7a7ce180, L_0x5627e6ada040, C4<11111111>, C4<11111111>;
L_0x5627e6ada370 .functor XOR 8, L_0x5627e6ad9e00, L_0x5627e6ada2b0, C4<00000000>, C4<00000000>;
L_0x7fbd7a7ce210 .functor BUFT 1, C4<10011011>, C4<0>, C4<0>, C4<0>;
L_0x5627e6ada240 .functor AND 8, L_0x7fbd7a7ce210, L_0x5627e6ada8d0, C4<11111111>, C4<11111111>;
L_0x5627e6adac00 .functor XOR 8, L_0x5627e6ada670, L_0x5627e6ada240, C4<00000000>, C4<00000000>;
L_0x7fbd7a7ce2a0 .functor BUFT 1, C4<10011011>, C4<0>, C4<0>, C4<0>;
L_0x5627e6adb360 .functor AND 8, L_0x7fbd7a7ce2a0, L_0x5627e6adb030, C4<11111111>, C4<11111111>;
L_0x5627e6adb420 .functor XOR 8, L_0x5627e6adae00, L_0x5627e6adb360, C4<00000000>, C4<00000000>;
L_0x7fbd7a7ce330 .functor BUFT 1, C4<10011011>, C4<0>, C4<0>, C4<0>;
L_0x5627e6adbb30 .functor AND 8, L_0x7fbd7a7ce330, L_0x5627e6adb7e0, C4<11111111>, C4<11111111>;
L_0x5627e6adbbf0 .functor XOR 8, L_0x5627e6adb590, L_0x5627e6adbb30, C4<00000000>, C4<00000000>;
L_0x7fbd7a7ce3c0 .functor BUFT 1, C4<10011011>, C4<0>, C4<0>, C4<0>;
L_0x5627e6adc440 .functor AND 8, L_0x7fbd7a7ce3c0, L_0x5627e6adc0d0, C4<11111111>, C4<11111111>;
L_0x5627e6adc500 .functor XOR 8, L_0x5627e6adbe10, L_0x5627e6adc440, C4<00000000>, C4<00000000>;
L_0x5627e6adbd00 .functor AND 8, v0x5627e6ad8af0_0, L_0x5627e6adc780, C4<11111111>, C4<11111111>;
L_0x5627e6adcdc0 .functor AND 8, L_0x5627e6ad9540, L_0x5627e6adcb70, C4<11111111>, C4<11111111>;
L_0x5627e6adcf10 .functor XOR 8, L_0x5627e6adbd00, L_0x5627e6adcdc0, C4<00000000>, C4<00000000>;
L_0x5627e6add3e0 .functor AND 8, L_0x5627e6ad9bd0, L_0x5627e6add0c0, C4<11111111>, C4<11111111>;
L_0x5627e6add540 .functor XOR 8, L_0x5627e6adcf10, L_0x5627e6add3e0, C4<00000000>, C4<00000000>;
L_0x5627e6add2c0 .functor AND 8, L_0x5627e6ada370, L_0x5627e6add6f0, C4<11111111>, C4<11111111>;
L_0x5627e6adda10 .functor XOR 8, L_0x5627e6add540, L_0x5627e6add2c0, C4<00000000>, C4<00000000>;
L_0x5627e6adde60 .functor AND 8, L_0x5627e6adac00, L_0x5627e6addad0, C4<11111111>, C4<11111111>;
L_0x5627e6addfe0 .functor XOR 8, L_0x5627e6adda10, L_0x5627e6adde60, C4<00000000>, C4<00000000>;
L_0x5627e6ade530 .functor AND 8, L_0x5627e6adb420, L_0x5627e6ade190, C4<11111111>, C4<11111111>;
L_0x5627e6ade6c0 .functor XOR 8, L_0x5627e6addfe0, L_0x5627e6ade530, C4<00000000>, C4<00000000>;
L_0x5627e6aded30 .functor AND 8, L_0x5627e6adbbf0, L_0x5627e6ade980, C4<11111111>, C4<11111111>;
L_0x5627e6adeed0 .functor XOR 8, L_0x5627e6ade6c0, L_0x5627e6aded30, C4<00000000>, C4<00000000>;
L_0x5627e6adf440 .functor AND 8, L_0x5627e6adc500, L_0x5627e6adf080, C4<11111111>, C4<11111111>;
L_0x5627e6adf5f0 .functor XOR 8, L_0x5627e6adeed0, L_0x5627e6adf440, C4<00000000>, C4<00000000>;
v0x5627e6a9a2b0_0 .net *"_s1", 6 0, L_0x5627e6ad8ff0;  1 drivers
v0x5627e6ad3930_0 .net *"_s10", 7 0, L_0x5627e6ad92e0;  1 drivers
v0x5627e6ad3a10_0 .net *"_s100", 7 0, L_0x5627e6adbe10;  1 drivers
v0x5627e6ad3ad0_0 .net/2u *"_s102", 7 0, L_0x7fbd7a7ce3c0;  1 drivers
v0x5627e6ad3bb0_0 .net *"_s105", 0 0, L_0x5627e6adc030;  1 drivers
v0x5627e6ad3ce0_0 .net *"_s106", 7 0, L_0x5627e6adc0d0;  1 drivers
v0x5627e6ad3dc0_0 .net *"_s108", 7 0, L_0x5627e6adc440;  1 drivers
v0x5627e6ad3ea0_0 .net *"_s113", 0 0, L_0x5627e6adc690;  1 drivers
v0x5627e6ad3f80_0 .net *"_s114", 7 0, L_0x5627e6adc780;  1 drivers
v0x5627e6ad4060_0 .net *"_s116", 7 0, L_0x5627e6adbd00;  1 drivers
v0x5627e6ad4140_0 .net *"_s119", 0 0, L_0x5627e6adcad0;  1 drivers
v0x5627e6ad4220_0 .net *"_s12", 7 0, L_0x5627e6ad9480;  1 drivers
v0x5627e6ad4300_0 .net *"_s120", 7 0, L_0x5627e6adcb70;  1 drivers
v0x5627e6ad43e0_0 .net *"_s122", 7 0, L_0x5627e6adcdc0;  1 drivers
v0x5627e6ad44c0_0 .net *"_s124", 7 0, L_0x5627e6adcf10;  1 drivers
v0x5627e6ad45a0_0 .net *"_s127", 0 0, L_0x5627e6add020;  1 drivers
v0x5627e6ad4680_0 .net *"_s128", 7 0, L_0x5627e6add0c0;  1 drivers
v0x5627e6ad4760_0 .net *"_s130", 7 0, L_0x5627e6add3e0;  1 drivers
v0x5627e6ad4840_0 .net *"_s132", 7 0, L_0x5627e6add540;  1 drivers
v0x5627e6ad4920_0 .net *"_s135", 0 0, L_0x5627e6add650;  1 drivers
v0x5627e6ad4a00_0 .net *"_s136", 7 0, L_0x5627e6add6f0;  1 drivers
v0x5627e6ad4ae0_0 .net *"_s138", 7 0, L_0x5627e6add2c0;  1 drivers
v0x5627e6ad4bc0_0 .net *"_s140", 7 0, L_0x5627e6adda10;  1 drivers
v0x5627e6ad4ca0_0 .net *"_s143", 0 0, L_0x5627e6add4a0;  1 drivers
v0x5627e6ad4d80_0 .net *"_s144", 7 0, L_0x5627e6addad0;  1 drivers
v0x5627e6ad4e60_0 .net *"_s146", 7 0, L_0x5627e6adde60;  1 drivers
v0x5627e6ad4f40_0 .net *"_s148", 7 0, L_0x5627e6addfe0;  1 drivers
v0x5627e6ad5020_0 .net *"_s151", 0 0, L_0x5627e6ade0f0;  1 drivers
v0x5627e6ad5100_0 .net *"_s152", 7 0, L_0x5627e6ade190;  1 drivers
v0x5627e6ad51e0_0 .net *"_s154", 7 0, L_0x5627e6ade530;  1 drivers
v0x5627e6ad52c0_0 .net *"_s156", 7 0, L_0x5627e6ade6c0;  1 drivers
v0x5627e6ad53a0_0 .net *"_s159", 0 0, L_0x5627e6ade7d0;  1 drivers
v0x5627e6ad5480_0 .net *"_s160", 7 0, L_0x5627e6ade980;  1 drivers
v0x5627e6ad5560_0 .net *"_s162", 7 0, L_0x5627e6aded30;  1 drivers
v0x5627e6ad5640_0 .net *"_s164", 7 0, L_0x5627e6adeed0;  1 drivers
v0x5627e6ad5720_0 .net *"_s167", 0 0, L_0x5627e6adefe0;  1 drivers
v0x5627e6ad5800_0 .net *"_s168", 7 0, L_0x5627e6adf080;  1 drivers
v0x5627e6ad58e0_0 .net *"_s17", 5 0, L_0x5627e6ad9650;  1 drivers
v0x5627e6ad59c0_0 .net *"_s170", 7 0, L_0x5627e6adf440;  1 drivers
L_0x7fbd7a7ce0a8 .functor BUFT 1, C4<00>, C4<0>, C4<0>, C4<0>;
v0x5627e6ad5aa0_0 .net/2u *"_s18", 1 0, L_0x7fbd7a7ce0a8;  1 drivers
L_0x7fbd7a7ce018 .functor BUFT 1, C4<0>, C4<0>, C4<0>, C4<0>;
v0x5627e6ad5b80_0 .net/2u *"_s2", 0 0, L_0x7fbd7a7ce018;  1 drivers
v0x5627e6ad5c60_0 .net *"_s20", 7 0, L_0x5627e6ad96f0;  1 drivers
v0x5627e6ad5d40_0 .net/2u *"_s22", 7 0, L_0x7fbd7a7ce0f0;  1 drivers
v0x5627e6ad5e20_0 .net *"_s25", 0 0, L_0x5627e6ad9850;  1 drivers
v0x5627e6ad5f00_0 .net *"_s26", 7 0, L_0x5627e6ad98f0;  1 drivers
v0x5627e6ad5fe0_0 .net *"_s28", 7 0, L_0x5627e6ad9b10;  1 drivers
v0x5627e6ad60c0_0 .net *"_s33", 4 0, L_0x5627e6ad9d10;  1 drivers
L_0x7fbd7a7ce138 .functor BUFT 1, C4<000>, C4<0>, C4<0>, C4<0>;
v0x5627e6ad61a0_0 .net/2u *"_s34", 2 0, L_0x7fbd7a7ce138;  1 drivers
v0x5627e6ad6280_0 .net *"_s36", 7 0, L_0x5627e6ad9e00;  1 drivers
v0x5627e6ad6360_0 .net/2u *"_s38", 7 0, L_0x7fbd7a7ce180;  1 drivers
v0x5627e6ad6440_0 .net *"_s4", 7 0, L_0x5627e6ad90e0;  1 drivers
v0x5627e6ad6520_0 .net *"_s41", 0 0, L_0x5627e6ad9fa0;  1 drivers
v0x5627e6ad6600_0 .net *"_s42", 7 0, L_0x5627e6ada040;  1 drivers
v0x5627e6ad66e0_0 .net *"_s44", 7 0, L_0x5627e6ada2b0;  1 drivers
v0x5627e6ad67c0_0 .net *"_s49", 3 0, L_0x5627e6ada4c0;  1 drivers
L_0x7fbd7a7ce1c8 .functor BUFT 1, C4<0000>, C4<0>, C4<0>, C4<0>;
v0x5627e6ad68a0_0 .net/2u *"_s50", 3 0, L_0x7fbd7a7ce1c8;  1 drivers
v0x5627e6ad6980_0 .net *"_s52", 7 0, L_0x5627e6ada670;  1 drivers
v0x5627e6ad6a60_0 .net/2u *"_s54", 7 0, L_0x7fbd7a7ce210;  1 drivers
v0x5627e6ad6b40_0 .net *"_s57", 0 0, L_0x5627e6ada830;  1 drivers
v0x5627e6ad6c20_0 .net *"_s58", 7 0, L_0x5627e6ada8d0;  1 drivers
v0x5627e6ad6d00_0 .net/2u *"_s6", 7 0, L_0x7fbd7a7ce060;  1 drivers
v0x5627e6ad6de0_0 .net *"_s60", 7 0, L_0x5627e6ada240;  1 drivers
v0x5627e6ad6ec0_0 .net *"_s65", 2 0, L_0x5627e6adad60;  1 drivers
L_0x7fbd7a7ce258 .functor BUFT 1, C4<00000>, C4<0>, C4<0>, C4<0>;
v0x5627e6ad6fa0_0 .net/2u *"_s66", 4 0, L_0x7fbd7a7ce258;  1 drivers
v0x5627e6ad7080_0 .net *"_s68", 7 0, L_0x5627e6adae00;  1 drivers
v0x5627e6ad7570_0 .net/2u *"_s70", 7 0, L_0x7fbd7a7ce2a0;  1 drivers
v0x5627e6ad7650_0 .net *"_s73", 0 0, L_0x5627e6adaf90;  1 drivers
v0x5627e6ad7730_0 .net *"_s74", 7 0, L_0x5627e6adb030;  1 drivers
v0x5627e6ad7810_0 .net *"_s76", 7 0, L_0x5627e6adb360;  1 drivers
v0x5627e6ad78f0_0 .net *"_s81", 1 0, L_0x5627e6adaef0;  1 drivers
L_0x7fbd7a7ce2e8 .functor BUFT 1, C4<000000>, C4<0>, C4<0>, C4<0>;
v0x5627e6ad79d0_0 .net/2u *"_s82", 5 0, L_0x7fbd7a7ce2e8;  1 drivers
v0x5627e6ad7ab0_0 .net *"_s84", 7 0, L_0x5627e6adb590;  1 drivers
v0x5627e6ad7b90_0 .net/2u *"_s86", 7 0, L_0x7fbd7a7ce330;  1 drivers
v0x5627e6ad7c70_0 .net *"_s89", 0 0, L_0x5627e6adb740;  1 drivers
v0x5627e6ad7d50_0 .net *"_s9", 0 0, L_0x5627e6ad9240;  1 drivers
v0x5627e6ad7e30_0 .net *"_s90", 7 0, L_0x5627e6adb7e0;  1 drivers
v0x5627e6ad7f10_0 .net *"_s92", 7 0, L_0x5627e6adbb30;  1 drivers
v0x5627e6ad7ff0_0 .net *"_s97", 0 0, L_0x5627e6adbd70;  1 drivers
L_0x7fbd7a7ce378 .functor BUFT 1, C4<0000000>, C4<0>, C4<0>, C4<0>;
v0x5627e6ad80d0_0 .net/2u *"_s98", 6 0, L_0x7fbd7a7ce378;  1 drivers
v0x5627e6ad81b0_0 .net "a", 7 0, v0x5627e6ad8af0_0;  1 drivers
v0x5627e6ad8290_0 .net "a_1", 7 0, L_0x5627e6ad9540;  1 drivers
v0x5627e6ad8370_0 .net "a_2", 7 0, L_0x5627e6ad9bd0;  1 drivers
v0x5627e6ad8450_0 .net "a_3", 7 0, L_0x5627e6ada370;  1 drivers
v0x5627e6ad8530_0 .net "a_4", 7 0, L_0x5627e6adac00;  1 drivers
v0x5627e6ad8610_0 .net "a_5", 7 0, L_0x5627e6adb420;  1 drivers
v0x5627e6ad86f0_0 .net "a_6", 7 0, L_0x5627e6adbbf0;  1 drivers
v0x5627e6ad87d0_0 .net "a_7", 7 0, L_0x5627e6adc500;  1 drivers
v0x5627e6ad88b0_0 .net "b", 7 0, v0x5627e6ad8bb0_0;  1 drivers
v0x5627e6ad8990_0 .net "p", 7 0, L_0x5627e6adf5f0;  alias, 1 drivers
L_0x5627e6ad8ff0 .part v0x5627e6ad8af0_0, 0, 7;
L_0x5627e6ad90e0 .concat [ 1 7 0 0], L_0x7fbd7a7ce018, L_0x5627e6ad8ff0;
L_0x5627e6ad9240 .part v0x5627e6ad8af0_0, 7, 1;
LS_0x5627e6ad92e0_0_0 .concat [ 1 1 1 1], L_0x5627e6ad9240, L_0x5627e6ad9240, L_0x5627e6ad9240, L_0x5627e6ad9240;
LS_0x5627e6ad92e0_0_4 .concat [ 1 1 1 1], L_0x5627e6ad9240, L_0x5627e6ad9240, L_0x5627e6ad9240, L_0x5627e6ad9240;
L_0x5627e6ad92e0 .concat [ 4 4 0 0], LS_0x5627e6ad92e0_0_0, LS_0x5627e6ad92e0_0_4;
L_0x5627e6ad9650 .part v0x5627e6ad8af0_0, 0, 6;
L_0x5627e6ad96f0 .concat [ 2 6 0 0], L_0x7fbd7a7ce0a8, L_0x5627e6ad9650;
L_0x5627e6ad9850 .part v0x5627e6ad8af0_0, 6, 1;
LS_0x5627e6ad98f0_0_0 .concat [ 1 1 1 1], L_0x5627e6ad9850, L_0x5627e6ad9850, L_0x5627e6ad9850, L_0x5627e6ad9850;
LS_0x5627e6ad98f0_0_4 .concat [ 1 1 1 1], L_0x5627e6ad9850, L_0x5627e6ad9850, L_0x5627e6ad9850, L_0x5627e6ad9850;
L_0x5627e6ad98f0 .concat [ 4 4 0 0], LS_0x5627e6ad98f0_0_0, LS_0x5627e6ad98f0_0_4;
L_0x5627e6ad9d10 .part v0x5627e6ad8af0_0, 0, 5;
L_0x5627e6ad9e00 .concat [ 3 5 0 0], L_0x7fbd7a7ce138, L_0x5627e6ad9d10;
L_0x5627e6ad9fa0 .part v0x5627e6ad8af0_0, 5, 1;
LS_0x5627e6ada040_0_0 .concat [ 1 1 1 1], L_0x5627e6ad9fa0, L_0x5627e6ad9fa0, L_0x5627e6ad9fa0, L_0x5627e6ad9fa0;
LS_0x5627e6ada040_0_4 .concat [ 1 1 1 1], L_0x5627e6ad9fa0, L_0x5627e6ad9fa0, L_0x5627e6ad9fa0, L_0x5627e6ad9fa0;
L_0x5627e6ada040 .concat [ 4 4 0 0], LS_0x5627e6ada040_0_0, LS_0x5627e6ada040_0_4;
L_0x5627e6ada4c0 .part v0x5627e6ad8af0_0, 0, 4;
L_0x5627e6ada670 .concat [ 4 4 0 0], L_0x7fbd7a7ce1c8, L_0x5627e6ada4c0;
L_0x5627e6ada830 .part v0x5627e6ad8af0_0, 4, 1;
LS_0x5627e6ada8d0_0_0 .concat [ 1 1 1 1], L_0x5627e6ada830, L_0x5627e6ada830, L_0x5627e6ada830, L_0x5627e6ada830;
LS_0x5627e6ada8d0_0_4 .concat [ 1 1 1 1], L_0x5627e6ada830, L_0x5627e6ada830, L_0x5627e6ada830, L_0x5627e6ada830;
L_0x5627e6ada8d0 .concat [ 4 4 0 0], LS_0x5627e6ada8d0_0_0, LS_0x5627e6ada8d0_0_4;
L_0x5627e6adad60 .part v0x5627e6ad8af0_0, 0, 3;
L_0x5627e6adae00 .concat [ 5 3 0 0], L_0x7fbd7a7ce258, L_0x5627e6adad60;
L_0x5627e6adaf90 .part v0x5627e6ad8af0_0, 3, 1;
LS_0x5627e6adb030_0_0 .concat [ 1 1 1 1], L_0x5627e6adaf90, L_0x5627e6adaf90, L_0x5627e6adaf90, L_0x5627e6adaf90;
LS_0x5627e6adb030_0_4 .concat [ 1 1 1 1], L_0x5627e6adaf90, L_0x5627e6adaf90, L_0x5627e6adaf90, L_0x5627e6adaf90;
L_0x5627e6adb030 .concat [ 4 4 0 0], LS_0x5627e6adb030_0_0, LS_0x5627e6adb030_0_4;
L_0x5627e6adaef0 .part v0x5627e6ad8af0_0, 0, 2;
L_0x5627e6adb590 .concat [ 6 2 0 0], L_0x7fbd7a7ce2e8, L_0x5627e6adaef0;
L_0x5627e6adb740 .part v0x5627e6ad8af0_0, 2, 1;
LS_0x5627e6adb7e0_0_0 .concat [ 1 1 1 1], L_0x5627e6adb740, L_0x5627e6adb740, L_0x5627e6adb740, L_0x5627e6adb740;
LS_0x5627e6adb7e0_0_4 .concat [ 1 1 1 1], L_0x5627e6adb740, L_0x5627e6adb740, L_0x5627e6adb740, L_0x5627e6adb740;
L_0x5627e6adb7e0 .concat [ 4 4 0 0], LS_0x5627e6adb7e0_0_0, LS_0x5627e6adb7e0_0_4;
L_0x5627e6adbd70 .part v0x5627e6ad8af0_0, 0, 1;
L_0x5627e6adbe10 .concat [ 7 1 0 0], L_0x7fbd7a7ce378, L_0x5627e6adbd70;
L_0x5627e6adc030 .part v0x5627e6ad8af0_0, 1, 1;
LS_0x5627e6adc0d0_0_0 .concat [ 1 1 1 1], L_0x5627e6adc030, L_0x5627e6adc030, L_0x5627e6adc030, L_0x5627e6adc030;
LS_0x5627e6adc0d0_0_4 .concat [ 1 1 1 1], L_0x5627e6adc030, L_0x5627e6adc030, L_0x5627e6adc030, L_0x5627e6adc030;
L_0x5627e6adc0d0 .concat [ 4 4 0 0], LS_0x5627e6adc0d0_0_0, LS_0x5627e6adc0d0_0_4;
L_0x5627e6adc690 .part v0x5627e6ad8bb0_0, 0, 1;
LS_0x5627e6adc780_0_0 .concat [ 1 1 1 1], L_0x5627e6adc690, L_0x5627e6adc690, L_0x5627e6adc690, L_0x5627e6adc690;
LS_0x5627e6adc780_0_4 .concat [ 1 1 1 1], L_0x5627e6adc690, L_0x5627e6adc690, L_0x5627e6adc690, L_0x5627e6adc690;
L_0x5627e6adc780 .concat [ 4 4 0 0], LS_0x5627e6adc780_0_0, LS_0x5627e6adc780_0_4;
L_0x5627e6adcad0 .part v0x5627e6ad8bb0_0, 1, 1;
LS_0x5627e6adcb70_0_0 .concat [ 1 1 1 1], L_0x5627e6adcad0, L_0x5627e6adcad0, L_0x5627e6adcad0, L_0x5627e6adcad0;
LS_0x5627e6adcb70_0_4 .concat [ 1 1 1 1], L_0x5627e6adcad0, L_0x5627e6adcad0, L_0x5627e6adcad0, L_0x5627e6adcad0;
L_0x5627e6adcb70 .concat [ 4 4 0 0], LS_0x5627e6adcb70_0_0, LS_0x5627e6adcb70_0_4;
L_0x5627e6add020 .part v0x5627e6ad8bb0_0, 2, 1;
LS_0x5627e6add0c0_0_0 .concat [ 1 1 1 1], L_0x5627e6add020, L_0x5627e6add020, L_0x5627e6add020, L_0x5627e6add020;
LS_0x5627e6add0c0_0_4 .concat [ 1 1 1 1], L_0x5627e6add020, L_0x5627e6add020, L_0x5627e6add020, L_0x5627e6add020;
L_0x5627e6add0c0 .concat [ 4 4 0 0], LS_0x5627e6add0c0_0_0, LS_0x5627e6add0c0_0_4;
L_0x5627e6add650 .part v0x5627e6ad8bb0_0, 3, 1;
LS_0x5627e6add6f0_0_0 .concat [ 1 1 1 1], L_0x5627e6add650, L_0x5627e6add650, L_0x5627e6add650, L_0x5627e6add650;
LS_0x5627e6add6f0_0_4 .concat [ 1 1 1 1], L_0x5627e6add650, L_0x5627e6add650, L_0x5627e6add650, L_0x5627e6add650;
L_0x5627e6add6f0 .concat [ 4 4 0 0], LS_0x5627e6add6f0_0_0, LS_0x5627e6add6f0_0_4;
L_0x5627e6add4a0 .part v0x5627e6ad8bb0_0, 4, 1;
LS_0x5627e6addad0_0_0 .concat [ 1 1 1 1], L_0x5627e6add4a0, L_0x5627e6add4a0, L_0x5627e6add4a0, L_0x5627e6add4a0;
LS_0x5627e6addad0_0_4 .concat [ 1 1 1 1], L_0x5627e6add4a0, L_0x5627e6add4a0, L_0x5627e6add4a0, L_0x5627e6add4a0;
L_0x5627e6addad0 .concat [ 4 4 0 0], LS_0x5627e6addad0_0_0, LS_0x5627e6addad0_0_4;
L_0x5627e6ade0f0 .part v0x5627e6ad8bb0_0, 5, 1;
LS_0x5627e6ade190_0_0 .concat [ 1 1 1 1], L_0x5627e6ade0f0, L_0x5627e6ade0f0, L_0x5627e6ade0f0, L_0x5627e6ade0f0;
LS_0x5627e6ade190_0_4 .concat [ 1 1 1 1], L_0x5627e6ade0f0, L_0x5627e6ade0f0, L_0x5627e6ade0f0, L_0x5627e6ade0f0;
L_0x5627e6ade190 .concat [ 4 4 0 0], LS_0x5627e6ade190_0_0, LS_0x5627e6ade190_0_4;
L_0x5627e6ade7d0 .part v0x5627e6ad8bb0_0, 6, 1;
LS_0x5627e6ade980_0_0 .concat [ 1 1 1 1], L_0x5627e6ade7d0, L_0x5627e6ade7d0, L_0x5627e6ade7d0, L_0x5627e6ade7d0;
LS_0x5627e6ade980_0_4 .concat [ 1 1 1 1], L_0x5627e6ade7d0, L_0x5627e6ade7d0, L_0x5627e6ade7d0, L_0x5627e6ade7d0;
L_0x5627e6ade980 .concat [ 4 4 0 0], LS_0x5627e6ade980_0_0, LS_0x5627e6ade980_0_4;
L_0x5627e6adefe0 .part v0x5627e6ad8bb0_0, 7, 1;
LS_0x5627e6adf080_0_0 .concat [ 1 1 1 1], L_0x5627e6adefe0, L_0x5627e6adefe0, L_0x5627e6adefe0, L_0x5627e6adefe0;
LS_0x5627e6adf080_0_4 .concat [ 1 1 1 1], L_0x5627e6adefe0, L_0x5627e6adefe0, L_0x5627e6adefe0, L_0x5627e6adefe0;
L_0x5627e6adf080 .concat [ 4 4 0 0], LS_0x5627e6adf080_0_0, LS_0x5627e6adf080_0_4;
    .scope S_0x5627e6a6b090;
T_0 ;
    %pushi/vec4 0, 0, 1;
    %store/vec4 v0x5627e6ad8c50_0, 0, 1;
    %pushi/vec4 0, 0, 4;
    %store/vec4 v0x5627e6ad8cf0_0, 0, 4;
    %end;
    .thread T_0;
    .scope S_0x5627e6a6b090;
T_1 ;
    %vpi_call 2 7 "$display", "Loading data from file tb_final" {0 0 0};
    %vpi_call 2 8 "$readmemh", "tb_final", v0x5627e6ad8f50 {0 0 0};
    %pushi/vec4 0, 0, 4;
    %store/vec4 v0x5627e6ad8cf0_0, 0, 4;
    %end;
    .thread T_1;
    .scope S_0x5627e6a6b090;
T_2 ;
    %delay 5, 0;
    %load/vec4 v0x5627e6ad8c50_0;
    %inv;
    %assign/vec4 v0x5627e6ad8c50_0, 0;
    %jmp T_2;
    .thread T_2;
    .scope S_0x5627e6a6b090;
T_3 ;
    %wait E_0x5627e6aa6840;
    %load/vec4 v0x5627e6ad8cf0_0;
    %pad/u 32;
    %cmpi/u 15, 0, 32;
    %jmp/0xz  T_3.0, 5;
    %load/vec4 v0x5627e6ad8cf0_0;
    %pad/u 6;
    %ix/vec4 4;
    %load/vec4a v0x5627e6ad8f50, 4;
    %assign/vec4 v0x5627e6ad8af0_0, 0;
    %load/vec4 v0x5627e6ad8cf0_0;
    %pad/u 33;
    %addi 1, 0, 33;
    %ix/vec4 4;
    %load/vec4a v0x5627e6ad8f50, 4;
    %assign/vec4 v0x5627e6ad8bb0_0, 0;
    %load/vec4 v0x5627e6ad8cf0_0;
    %pad/u 33;
    %addi 2, 0, 33;
    %ix/vec4 4;
    %load/vec4a v0x5627e6ad8f50, 4;
    %assign/vec4 v0x5627e6ad8db0_0, 0;
    %jmp T_3.1;
T_3.0 ;
    %vpi_call 2 29 "$finish" {0 0 0};
T_3.1 ;
    %load/vec4 v0x5627e6ad8cf0_0;
    %addi 3, 0, 4;
    %assign/vec4 v0x5627e6ad8cf0_0, 0;
    %jmp T_3;
    .thread T_3;
    .scope S_0x5627e6a6b090;
T_4 ;
    %wait E_0x5627e6aa6550;
    %load/vec4 v0x5627e6ad8e90_0;
    %load/vec4 v0x5627e6ad8db0_0;
    %cmp/e;
    %jmp/0xz  T_4.0, 4;
    %vpi_call 2 36 "$display", "PASS" {0 0 0};
    %jmp T_4.1;
T_4.0 ;
    %vpi_call 2 37 "$display", "FAIL %d %d %d %d", v0x5627e6ad8af0_0, v0x5627e6ad8bb0_0, v0x5627e6ad8db0_0, v0x5627e6ad8e90_0 {0 0 0};
T_4.1 ;
    %jmp T_4;
    .thread T_4;
# The file index is used to find the file name in the following table.
:file_names 4;
    "N/A";
    "<interactive>";
    "gal8_mul_tb.v";
    "gal8_mul.v";
